# JRE version: OpenJDK Runtime Environment (8.0_202-b03) (build 1.8.0_202-release-1483-b03)
# Java VM: OpenJDK 64-Bit Server VM (25.202-b03 mixed mode windows-amd64 compressed oops)
Heap:
 PSYoungGen      total 217600K, used 8340K [0x00000000e0000000, 0x00000000ee680000, 0x0000000100000000)
  eden space 200704K, 4% used [0x00000000e0000000,0x00000000e08250d0,0x00000000ec400000)
  from space 16896K, 0% used [0x00000000ed380000,0x00000000ed380000,0x00000000ee400000)
  to   space 15872K, 0% used [0x00000000ec400000,0x00000000ec400000,0x00000000ed380000)
 ParOldGen       total 110592K, used 33380K [0x00000000a0000000, 0x00000000a6c00000, 0x00000000e0000000)
  object space 110592K, 30% used [0x00000000a0000000,0x00000000a20993c8,0x00000000a6c00000)
 Metaspace       used 57015K, capacity 58994K, committed 59096K, reserved 1099776K
  class space    used 7794K, capacity 8246K, committed 8320K, reserved 1048576K
GC Heap History (10 events):
Event: 19.445 GC heap before
{Heap before GC invocations=7 (full 1):
 PSYoungGen      total 138240K, used 49704K [0x00000000e0000000, 0x00000000ee400000, 0x0000000100000000)
  eden space 133120K, 33% used [0x00000000e0000000,0x00000000e2b8a358,0x00000000e8200000)
  from space 5120K, 100% used [0x00000000e8200000,0x00000000e8700000,0x00000000e8700000)
  to   space 16896K, 0% used [0x00000000ed380000,0x00000000ed380000,0x00000000ee400000)
 ParOldGen       total 68608K, used 20387K [0x00000000a0000000, 0x00000000a4300000, 0x00000000e0000000)
  object space 68608K, 29% used [0x00000000a0000000,0x00000000a13e8c88,0x00000000a4300000)
 Metaspace       used 34522K, capacity 35442K, committed 35456K, reserved 1079296K
  class space    used 4770K, capacity 4991K, committed 4992K, reserved 1048576K
Event: 19.489 GC heap after
Heap after GC invocations=7 (full 1):
 PSYoungGen      total 217600K, used 8949K [0x00000000e0000000, 0x00000000ee680000, 0x0000000100000000)
  eden space 200704K, 0% used [0x00000000e0000000,0x00000000e0000000,0x00000000ec400000)
  from space 16896K, 52% used [0x00000000ed380000,0x00000000edc3d4c8,0x00000000ee400000)
  to   space 15872K, 0% used [0x00000000ec400000,0x00000000ec400000,0x00000000ed380000)
 ParOldGen       total 68608K, used 20387K [0x00000000a0000000, 0x00000000a4300000, 0x00000000e0000000)
  object space 68608K, 29% used [0x00000000a0000000,0x00000000a13e8c88,0x00000000a4300000)
 Metaspace       used 34522K, capacity 35442K, committed 35456K, reserved 1079296K
  class space    used 4770K, capacity 4991K, committed 4992K, reserved 1048576K
}
Event: 19.489 GC heap before
{Heap before GC invocations=8 (full 2):
 PSYoungGen      total 217600K, used 8949K [0x00000000e0000000, 0x00000000ee680000, 0x0000000100000000)
  eden space 200704K, 0% used [0x00000000e0000000,0x00000000e0000000,0x00000000ec400000)
  from space 16896K, 52% used [0x00000000ed380000,0x00000000edc3d4c8,0x00000000ee400000)
  to   space 15872K, 0% used [0x00000000ec400000,0x00000000ec400000,0x00000000ed380000)
 ParOldGen       total 68608K, used 20387K [0x00000000a0000000, 0x00000000a4300000, 0x00000000e0000000)
  object space 68608K, 29% used [0x00000000a0000000,0x00000000a13e8c88,0x00000000a4300000)
 Metaspace       used 34522K, capacity 35442K, committed 35456K, reserved 1079296K
  class space    used 4770K, capacity 4991K, committed 4992K, reserved 1048576K
Event: 19.710 GC heap after
Heap after GC invocations=8 (full 2):
 PSYoungGen      total 217600K, used 0K [0x00000000e0000000, 0x00000000ee680000, 0x0000000100000000)
  eden space 200704K, 0% used [0x00000000e0000000,0x00000000e0000000,0x00000000ec400000)
  from space 16896K, 0% used [0x00000000ed380000,0x00000000ed380000,0x00000000ee400000)
  to   space 15872K, 0% used [0x00000000ec400000,0x00000000ec400000,0x00000000ed380000)
 ParOldGen       total 110592K, used 24527K [0x00000000a0000000, 0x00000000a6c00000, 0x00000000e0000000)
  object space 110592K, 22% used [0x00000000a0000000,0x00000000a17f3c58,0x00000000a6c00000)
 Metaspace       used 34522K, capacity 35442K, committed 35456K, reserved 1079296K
  class space    used 4770K, capacity 4991K, committed 4992K, reserved 1048576K
}
Event: 31.208 GC heap before
{Heap before GC invocations=9 (full 2):
 PSYoungGen      total 217600K, used 200704K [0x00000000e0000000, 0x00000000ee680000, 0x0000000100000000)
  eden space 200704K, 100% used [0x00000000e0000000,0x00000000ec400000,0x00000000ec400000)
  from space 16896K, 0% used [0x00000000ed380000,0x00000000ed380000,0x00000000ee400000)
  to   space 15872K, 0% used [0x00000000ec400000,0x00000000ec400000,0x00000000ed380000)
 ParOldGen       total 110592K, used 24527K [0x00000000a0000000, 0x00000000a6c00000, 0x00000000e0000000)
  object space 110592K, 22% used [0x00000000a0000000,0x00000000a17f3c58,0x00000000a6c00000)
 Metaspace       used 51500K, capacity 53248K, committed 53504K, reserved 1095680K
  class space    used 6970K, capacity 7384K, committed 7424K, reserved 1048576K
Event: 31.257 GC heap after
Heap after GC invocations=9 (full 2):
 PSYoungGen      total 216576K, used 15856K [0x00000000e0000000, 0x00000000ee680000, 0x0000000100000000)
  eden space 200704K, 0% used [0x00000000e0000000,0x00000000e0000000,0x00000000ec400000)
  from space 15872K, 99% used [0x00000000ec400000,0x00000000ed37c140,0x00000000ed380000)
  to   space 16896K, 0% used [0x00000000ed380000,0x00000000ed380000,0x00000000ee400000)
 ParOldGen       total 110592K, used 32946K [0x00000000a0000000, 0x00000000a6c00000, 0x00000000e0000000)
  object space 110592K, 29% used [0x00000000a0000000,0x00000000a202cb98,0x00000000a6c00000)
 Metaspace       used 51500K, capacity 53248K, committed 53504K, reserved 1095680K
  class space    used 6970K, capacity 7384K, committed 7424K, reserved 1048576K
}
Event: 36.779 GC heap before
{Heap before GC invocations=10 (full 2):
 PSYoungGen      total 216576K, used 99601K [0x00000000e0000000, 0x00000000ee680000, 0x0000000100000000)
  eden space 200704K, 41% used [0x00000000e0000000,0x00000000e51c83d0,0x00000000ec400000)
  from space 15872K, 99% used [0x00000000ec400000,0x00000000ed37c140,0x00000000ed380000)
  to   space 16896K, 0% used [0x00000000ed380000,0x00000000ed380000,0x00000000ee400000)
 ParOldGen       total 110592K, used 32946K [0x00000000a0000000, 0x00000000a6c00000, 0x00000000e0000000)
  object space 110592K, 29% used [0x00000000a0000000,0x00000000a202cb98,0x00000000a6c00000)
 Metaspace       used 56992K, capacity 59028K, committed 59096K, reserved 1099776K
  class space    used 7794K, capacity 8253K, committed 8320K, reserved 1048576K
Event: 36.829 GC heap after
Heap after GC invocations=10 (full 2):
 PSYoungGen      total 217600K, used 16864K [0x00000000e0000000, 0x00000000ee680000, 0x0000000100000000)
  eden space 200704K, 0% used [0x00000000e0000000,0x00000000e0000000,0x00000000ec400000)
  from space 16896K, 99% used [0x00000000ed380000,0x00000000ee3f8170,0x00000000ee400000)
  to   space 15872K, 0% used [0x00000000ec400000,0x00000000ec400000,0x00000000ed380000)
 ParOldGen       total 110592K, used 34990K [0x00000000a0000000, 0x00000000a6c00000, 0x00000000e0000000)
  object space 110592K, 31% used [0x00000000a0000000,0x00000000a222b880,0x00000000a6c00000)
 Metaspace       used 56992K, capacity 59028K, committed 59096K, reserved 1099776K
  class space    used 7794K, capacity 8253K, committed 8320K, reserved 1048576K
}
Event: 36.829 GC heap before
{Heap before GC invocations=11 (full 3):
 PSYoungGen      total 217600K, used 16864K [0x00000000e0000000, 0x00000000ee680000, 0x0000000100000000)
  eden space 200704K, 0% used [0x00000000e0000000,0x00000000e0000000,0x00000000ec400000)
  from space 16896K, 99% used [0x00000000ed380000,0x00000000ee3f8170,0x00000000ee400000)
  to   space 15872K, 0% used [0x00000000ec400000,0x00000000ec400000,0x00000000ed380000)
 ParOldGen       total 110592K, used 34990K [0x00000000a0000000, 0x00000000a6c00000, 0x00000000e0000000)
  object space 110592K, 31% used [0x00000000a0000000,0x00000000a222b880,0x00000000a6c00000)
 Metaspace       used 56992K, capacity 59028K, committed 59096K, reserved 1099776K
  class space    used 7794K, capacity 8253K, committed 8320K, reserved 1048576K
Event: 37.309 GC heap after
Heap after GC invocations=11 (full 3):
 PSYoungGen      total 217600K, used 0K [0x00000000e0000000, 0x00000000ee680000, 0x0000000100000000)
  eden space 200704K, 0% used [0x00000000e0000000,0x00000000e0000000,0x00000000ec400000)
  from space 16896K, 0% used [0x00000000ed380000,0x00000000ed380000,0x00000000ee400000)
  to   space 15872K, 0% used [0x00000000ec400000,0x00000000ec400000,0x00000000ed380000)
 ParOldGen       total 110592K, used 33380K [0x00000000a0000000, 0x00000000a6c00000, 0x00000000e0000000)
  object space 110592K, 30% used [0x00000000a0000000,0x00000000a20993c8,0x00000000a6c00000)
 Metaspace       used 56976K, capacity 58974K, committed 59096K, reserved 1099776K
  class space    used 7789K, capacity 8244K, committed 8320K, reserved 1048576K
}

