# JRE version: OpenJDK Runtime Environment (8.0_202-b03) (build 1.8.0_202-release-1483-b03)
# Java VM: OpenJDK 64-Bit Server VM (25.202-b03 mixed mode windows-amd64 compressed oops)
Heap:
 PSYoungGen      total 117248K, used 96849K [0x00000000e0000000, 0x00000000ea780000, 0x0000000100000000)
  eden space 105984K, 91% used [0x00000000e0000000,0x00000000e5e946b0,0x00000000e6780000)
  from space 11264K, 0% used [0x00000000e6780000,0x00000000e6780000,0x00000000e7280000)
  to   space 12288K, 0% used [0x00000000e9b80000,0x00000000e9b80000,0x00000000ea780000)
 ParOldGen       total 93184K, used 17401K [0x00000000a0000000, 0x00000000a5b00000, 0x00000000e0000000)
  object space 93184K, 18% used [0x00000000a0000000,0x00000000a10fe5b0,0x00000000a5b00000)
 Metaspace       used 44869K, capacity 46228K, committed 46464K, reserved 1089536K
  class space    used 5977K, capacity 6259K, committed 6272K, reserved 1048576K
GC Heap History (10 events):
Event: 6.568 GC heap before
{Heap before GC invocations=7 (full 1):
 PSYoungGen      total 77312K, used 7404K [0x00000000e0000000, 0x00000000e5600000, 0x0000000100000000)
  eden space 66560K, 0% used [0x00000000e0000000,0x00000000e0000000,0x00000000e4100000)
  from space 10752K, 68% used [0x00000000e4b80000,0x00000000e52bb3f0,0x00000000e5600000)
  to   space 10752K, 0% used [0x00000000e4100000,0x00000000e4100000,0x00000000e4b80000)
 ParOldGen       total 87552K, used 8706K [0x00000000a0000000, 0x00000000a5580000, 0x00000000e0000000)
  object space 87552K, 9% used [0x00000000a0000000,0x00000000a0880a00,0x00000000a5580000)
 Metaspace       used 20701K, capacity 21172K, committed 21296K, reserved 1067008K
  class space    used 2963K, capacity 3129K, committed 3200K, reserved 1048576K
Event: 6.633 GC heap after
Heap after GC invocations=7 (full 1):
 PSYoungGen      total 77312K, used 0K [0x00000000e0000000, 0x00000000e5600000, 0x0000000100000000)
  eden space 66560K, 0% used [0x00000000e0000000,0x00000000e0000000,0x00000000e4100000)
  from space 10752K, 0% used [0x00000000e4b80000,0x00000000e4b80000,0x00000000e5600000)
  to   space 10752K, 0% used [0x00000000e4100000,0x00000000e4100000,0x00000000e4b80000)
 ParOldGen       total 60416K, used 8721K [0x00000000a0000000, 0x00000000a3b00000, 0x00000000e0000000)
  object space 60416K, 14% used [0x00000000a0000000,0x00000000a08847e8,0x00000000a3b00000)
 Metaspace       used 20701K, capacity 21172K, committed 21296K, reserved 1067008K
  class space    used 2963K, capacity 3129K, committed 3200K, reserved 1048576K
}
Event: 8.107 GC heap before
{Heap before GC invocations=8 (full 1):
 PSYoungGen      total 77312K, used 66560K [0x00000000e0000000, 0x00000000e5600000, 0x0000000100000000)
  eden space 66560K, 100% used [0x00000000e0000000,0x00000000e4100000,0x00000000e4100000)
  from space 10752K, 0% used [0x00000000e4b80000,0x00000000e4b80000,0x00000000e5600000)
  to   space 10752K, 0% used [0x00000000e4100000,0x00000000e4100000,0x00000000e4b80000)
 ParOldGen       total 60416K, used 8721K [0x00000000a0000000, 0x00000000a3b00000, 0x00000000e0000000)
  object space 60416K, 14% used [0x00000000a0000000,0x00000000a08847e8,0x00000000a3b00000)
 Metaspace       used 28426K, capacity 29020K, committed 29312K, reserved 1075200K
  class space    used 3910K, capacity 4099K, committed 4224K, reserved 1048576K
Event: 8.125 GC heap after
Heap after GC invocations=8 (full 1):
 PSYoungGen      total 77312K, used 7651K [0x00000000e0000000, 0x00000000e7d00000, 0x0000000100000000)
  eden space 66560K, 0% used [0x00000000e0000000,0x00000000e0000000,0x00000000e4100000)
  from space 10752K, 71% used [0x00000000e4100000,0x00000000e4878e20,0x00000000e4b80000)
  to   space 10752K, 0% used [0x00000000e7280000,0x00000000e7280000,0x00000000e7d00000)
 ParOldGen       total 60416K, used 8729K [0x00000000a0000000, 0x00000000a3b00000, 0x00000000e0000000)
  object space 60416K, 14% used [0x00000000a0000000,0x00000000a08867e8,0x00000000a3b00000)
 Metaspace       used 28426K, capacity 29020K, committed 29312K, reserved 1075200K
  class space    used 3910K, capacity 4099K, committed 4224K, reserved 1048576K
}
Event: 10.148 GC heap before
{Heap before GC invocations=9 (full 1):
 PSYoungGen      total 77312K, used 74194K [0x00000000e0000000, 0x00000000e7d00000, 0x0000000100000000)
  eden space 66560K, 99% used [0x00000000e0000000,0x00000000e40fbd68,0x00000000e4100000)
  from space 10752K, 71% used [0x00000000e4100000,0x00000000e4878e20,0x00000000e4b80000)
  to   space 10752K, 0% used [0x00000000e7280000,0x00000000e7280000,0x00000000e7d00000)
 ParOldGen       total 60416K, used 8729K [0x00000000a0000000, 0x00000000a3b00000, 0x00000000e0000000)
  object space 60416K, 14% used [0x00000000a0000000,0x00000000a08867e8,0x00000000a3b00000)
 Metaspace       used 31992K, capacity 32828K, committed 32896K, reserved 1077248K
  class space    used 4462K, capacity 4669K, committed 4736K, reserved 1048576K
Event: 10.183 GC heap after
Heap after GC invocations=9 (full 1):
 PSYoungGen      total 116736K, used 9621K [0x00000000e0000000, 0x00000000e7e80000, 0x0000000100000000)
  eden space 105984K, 0% used [0x00000000e0000000,0x00000000e0000000,0x00000000e6780000)
  from space 10752K, 89% used [0x00000000e7280000,0x00000000e7be5578,0x00000000e7d00000)
  to   space 11264K, 0% used [0x00000000e6780000,0x00000000e6780000,0x00000000e7280000)
 ParOldGen       total 60416K, used 8737K [0x00000000a0000000, 0x00000000a3b00000, 0x00000000e0000000)
  object space 60416K, 14% used [0x00000000a0000000,0x00000000a08887e8,0x00000000a3b00000)
 Metaspace       used 31992K, capacity 32828K, committed 32896K, reserved 1077248K
  class space    used 4462K, capacity 4669K, committed 4736K, reserved 1048576K
}
Event: 11.636 GC heap before
{Heap before GC invocations=10 (full 1):
 PSYoungGen      total 116736K, used 53912K [0x00000000e0000000, 0x00000000e7e80000, 0x0000000100000000)
  eden space 105984K, 41% used [0x00000000e0000000,0x00000000e2b40b30,0x00000000e6780000)
  from space 10752K, 89% used [0x00000000e7280000,0x00000000e7be5578,0x00000000e7d00000)
  to   space 11264K, 0% used [0x00000000e6780000,0x00000000e6780000,0x00000000e7280000)
 ParOldGen       total 60416K, used 8737K [0x00000000a0000000, 0x00000000a3b00000, 0x00000000e0000000)
  object space 60416K, 14% used [0x00000000a0000000,0x00000000a08887e8,0x00000000a3b00000)
 Metaspace       used 34503K, capacity 35406K, committed 35456K, reserved 1079296K
  class space    used 4754K, capacity 4959K, committed 4992K, reserved 1048576K
Event: 11.669 GC heap after
Heap after GC invocations=10 (full 1):
 PSYoungGen      total 117248K, used 10274K [0x00000000e0000000, 0x00000000ea780000, 0x0000000100000000)
  eden space 105984K, 0% used [0x00000000e0000000,0x00000000e0000000,0x00000000e6780000)
  from space 11264K, 91% used [0x00000000e6780000,0x00000000e7188b10,0x00000000e7280000)
  to   space 12288K, 0% used [0x00000000e9b80000,0x00000000e9b80000,0x00000000ea780000)
 ParOldGen       total 60416K, used 8745K [0x00000000a0000000, 0x00000000a3b00000, 0x00000000e0000000)
  object space 60416K, 14% used [0x00000000a0000000,0x00000000a088a7e8,0x00000000a3b00000)
 Metaspace       used 34503K, capacity 35406K, committed 35456K, reserved 1079296K
  class space    used 4754K, capacity 4959K, committed 4992K, reserved 1048576K
}
Event: 11.669 GC heap before
{Heap before GC invocations=11 (full 2):
 PSYoungGen      total 117248K, used 10274K [0x00000000e0000000, 0x00000000ea780000, 0x0000000100000000)
  eden space 105984K, 0% used [0x00000000e0000000,0x00000000e0000000,0x00000000e6780000)
  from space 11264K, 91% used [0x00000000e6780000,0x00000000e7188b10,0x00000000e7280000)
  to   space 12288K, 0% used [0x00000000e9b80000,0x00000000e9b80000,0x00000000ea780000)
 ParOldGen       total 60416K, used 8745K [0x00000000a0000000, 0x00000000a3b00000, 0x00000000e0000000)
  object space 60416K, 14% used [0x00000000a0000000,0x00000000a088a7e8,0x00000000a3b00000)
 Metaspace       used 34503K, capacity 35406K, committed 35456K, reserved 1079296K
  class space    used 4754K, capacity 4959K, committed 4992K, reserved 1048576K
Event: 11.804 GC heap after
Heap after GC invocations=11 (full 2):
 PSYoungGen      total 117248K, used 0K [0x00000000e0000000, 0x00000000ea780000, 0x0000000100000000)
  eden space 105984K, 0% used [0x00000000e0000000,0x00000000e0000000,0x00000000e6780000)
  from space 11264K, 0% used [0x00000000e6780000,0x00000000e6780000,0x00000000e7280000)
  to   space 12288K, 0% used [0x00000000e9b80000,0x00000000e9b80000,0x00000000ea780000)
 ParOldGen       total 93184K, used 17401K [0x00000000a0000000, 0x00000000a5b00000, 0x00000000e0000000)
  object space 93184K, 18% used [0x00000000a0000000,0x00000000a10fe5b0,0x00000000a5b00000)
 Metaspace       used 34503K, capacity 35406K, committed 35456K, reserved 1079296K
  class space    used 4754K, capacity 4959K, committed 4992K, reserved 1048576K
}

