# JRE version: OpenJDK Runtime Environment (8.0_202-b03) (build 1.8.0_202-release-1483-b03)
# Java VM: OpenJDK 64-Bit Server VM (25.202-b03 mixed mode windows-amd64 compressed oops)
Heap:
 PSYoungGen      total 141312K, used 2645K [0x00000000e0000000, 0x00000000ec700000, 0x0000000100000000)
  eden space 130048K, 2% used [0x00000000e0000000,0x00000000e02956f0,0x00000000e7f00000)
  from space 11264K, 0% used [0x00000000e7f00000,0x00000000e7f00000,0x00000000e8a00000)
  to   space 13824K, 0% used [0x00000000eb980000,0x00000000eb980000,0x00000000ec700000)
 ParOldGen       total 76288K, used 22470K [0x00000000a0000000, 0x00000000a4a80000, 0x00000000e0000000)
  object space 76288K, 29% used [0x00000000a0000000,0x00000000a15f1b50,0x00000000a4a80000)
 Metaspace       used 42206K, capacity 43140K, committed 43352K, reserved 1087488K
  class space    used 5717K, capacity 5954K, committed 6016K, reserved 1048576K
GC Heap History (10 events):
Event: 15.913 GC heap before
{Heap before GC invocations=8 (full 1):
 PSYoungGen      total 117248K, used 116859K [0x00000000e0000000, 0x00000000e9500000, 0x0000000100000000)
  eden space 109056K, 100% used [0x00000000e0000000,0x00000000e6a80000,0x00000000e6a80000)
  from space 8192K, 95% used [0x00000000e8d00000,0x00000000e949ed20,0x00000000e9500000)
  to   space 11264K, 0% used [0x00000000e7f00000,0x00000000e7f00000,0x00000000e8a00000)
 ParOldGen       total 61440K, used 10306K [0x00000000a0000000, 0x00000000a3c00000, 0x00000000e0000000)
  object space 61440K, 16% used [0x00000000a0000000,0x00000000a0a10890,0x00000000a3c00000)
 Metaspace       used 34156K, capacity 34824K, committed 35072K, reserved 1079296K
  class space    used 4696K, capacity 4859K, committed 4864K, reserved 1048576K
Event: 15.947 GC heap after
Heap after GC invocations=8 (full 1):
 PSYoungGen      total 141312K, used 11235K [0x00000000e0000000, 0x00000000ec700000, 0x0000000100000000)
  eden space 130048K, 0% used [0x00000000e0000000,0x00000000e0000000,0x00000000e7f00000)
  from space 11264K, 99% used [0x00000000e7f00000,0x00000000e89f8d50,0x00000000e8a00000)
  to   space 13824K, 0% used [0x00000000eb980000,0x00000000eb980000,0x00000000ec700000)
 ParOldGen       total 61440K, used 12162K [0x00000000a0000000, 0x00000000a3c00000, 0x00000000e0000000)
  object space 61440K, 19% used [0x00000000a0000000,0x00000000a0be0b90,0x00000000a3c00000)
 Metaspace       used 34156K, capacity 34824K, committed 35072K, reserved 1079296K
  class space    used 4696K, capacity 4859K, committed 4864K, reserved 1048576K
}
Event: 16.139 GC heap before
{Heap before GC invocations=9 (full 1):
 PSYoungGen      total 141312K, used 20694K [0x00000000e0000000, 0x00000000ec700000, 0x0000000100000000)
  eden space 130048K, 7% used [0x00000000e0000000,0x00000000e093cea8,0x00000000e7f00000)
  from space 11264K, 99% used [0x00000000e7f00000,0x00000000e89f8d50,0x00000000e8a00000)
  to   space 13824K, 0% used [0x00000000eb980000,0x00000000eb980000,0x00000000ec700000)
 ParOldGen       total 61440K, used 12162K [0x00000000a0000000, 0x00000000a3c00000, 0x00000000e0000000)
  object space 61440K, 19% used [0x00000000a0000000,0x00000000a0be0b90,0x00000000a3c00000)
 Metaspace       used 34457K, capacity 35148K, committed 35416K, reserved 1079296K
  class space    used 4743K, capacity 4901K, committed 4992K, reserved 1048576K
Event: 16.176 GC heap after
Heap after GC invocations=9 (full 1):
 PSYoungGen      total 143872K, used 8695K [0x00000000e0000000, 0x00000000ec700000, 0x0000000100000000)
  eden space 130048K, 0% used [0x00000000e0000000,0x00000000e0000000,0x00000000e7f00000)
  from space 13824K, 62% used [0x00000000eb980000,0x00000000ec1fddf0,0x00000000ec700000)
  to   space 11264K, 0% used [0x00000000e7f00000,0x00000000e7f00000,0x00000000e8a00000)
 ParOldGen       total 61440K, used 12170K [0x00000000a0000000, 0x00000000a3c00000, 0x00000000e0000000)
  object space 61440K, 19% used [0x00000000a0000000,0x00000000a0be2b90,0x00000000a3c00000)
 Metaspace       used 34457K, capacity 35148K, committed 35416K, reserved 1079296K
  class space    used 4743K, capacity 4901K, committed 4992K, reserved 1048576K
}
Event: 16.176 GC heap before
{Heap before GC invocations=10 (full 2):
 PSYoungGen      total 143872K, used 8695K [0x00000000e0000000, 0x00000000ec700000, 0x0000000100000000)
  eden space 130048K, 0% used [0x00000000e0000000,0x00000000e0000000,0x00000000e7f00000)
  from space 13824K, 62% used [0x00000000eb980000,0x00000000ec1fddf0,0x00000000ec700000)
  to   space 11264K, 0% used [0x00000000e7f00000,0x00000000e7f00000,0x00000000e8a00000)
 ParOldGen       total 61440K, used 12170K [0x00000000a0000000, 0x00000000a3c00000, 0x00000000e0000000)
  object space 61440K, 19% used [0x00000000a0000000,0x00000000a0be2b90,0x00000000a3c00000)
 Metaspace       used 34457K, capacity 35148K, committed 35416K, reserved 1079296K
  class space    used 4743K, capacity 4901K, committed 4992K, reserved 1048576K
Event: 16.314 GC heap after
Heap after GC invocations=10 (full 2):
 PSYoungGen      total 143872K, used 0K [0x00000000e0000000, 0x00000000ec700000, 0x0000000100000000)
  eden space 130048K, 0% used [0x00000000e0000000,0x00000000e0000000,0x00000000e7f00000)
  from space 13824K, 0% used [0x00000000eb980000,0x00000000eb980000,0x00000000ec700000)
  to   space 11264K, 0% used [0x00000000e7f00000,0x00000000e7f00000,0x00000000e8a00000)
 ParOldGen       total 76288K, used 15426K [0x00000000a0000000, 0x00000000a4a80000, 0x00000000e0000000)
  object space 76288K, 20% used [0x00000000a0000000,0x00000000a0f109f0,0x00000000a4a80000)
 Metaspace       used 34457K, capacity 35148K, committed 35416K, reserved 1079296K
  class space    used 4743K, capacity 4901K, committed 4992K, reserved 1048576K
}
Event: 20.752 GC heap before
{Heap before GC invocations=11 (full 2):
 PSYoungGen      total 143872K, used 57604K [0x00000000e0000000, 0x00000000ec700000, 0x0000000100000000)
  eden space 130048K, 44% used [0x00000000e0000000,0x00000000e3841068,0x00000000e7f00000)
  from space 13824K, 0% used [0x00000000eb980000,0x00000000eb980000,0x00000000ec700000)
  to   space 11264K, 0% used [0x00000000e7f00000,0x00000000e7f00000,0x00000000e8a00000)
 ParOldGen       total 76288K, used 15426K [0x00000000a0000000, 0x00000000a4a80000, 0x00000000e0000000)
  object space 76288K, 20% used [0x00000000a0000000,0x00000000a0f109f0,0x00000000a4a80000)
 Metaspace       used 41662K, capacity 42564K, committed 42840K, reserved 1089536K
  class space    used 5658K, capacity 5890K, committed 6016K, reserved 1048576K
Event: 20.764 GC heap after
Heap after GC invocations=11 (full 2):
 PSYoungGen      total 141312K, used 7947K [0x00000000e0000000, 0x00000000ec700000, 0x0000000100000000)
  eden space 130048K, 0% used [0x00000000e0000000,0x00000000e0000000,0x00000000e7f00000)
  from space 11264K, 70% used [0x00000000e7f00000,0x00000000e86c2f18,0x00000000e8a00000)
  to   space 13824K, 0% used [0x00000000eb980000,0x00000000eb980000,0x00000000ec700000)
 ParOldGen       total 76288K, used 15434K [0x00000000a0000000, 0x00000000a4a80000, 0x00000000e0000000)
  object space 76288K, 20% used [0x00000000a0000000,0x00000000a0f129f0,0x00000000a4a80000)
 Metaspace       used 41662K, capacity 42564K, committed 42840K, reserved 1089536K
  class space    used 5658K, capacity 5890K, committed 6016K, reserved 1048576K
}
Event: 20.764 GC heap before
{Heap before GC invocations=12 (full 3):
 PSYoungGen      total 141312K, used 7947K [0x00000000e0000000, 0x00000000ec700000, 0x0000000100000000)
  eden space 130048K, 0% used [0x00000000e0000000,0x00000000e0000000,0x00000000e7f00000)
  from space 11264K, 70% used [0x00000000e7f00000,0x00000000e86c2f18,0x00000000e8a00000)
  to   space 13824K, 0% used [0x00000000eb980000,0x00000000eb980000,0x00000000ec700000)
 ParOldGen       total 76288K, used 15434K [0x00000000a0000000, 0x00000000a4a80000, 0x00000000e0000000)
  object space 76288K, 20% used [0x00000000a0000000,0x00000000a0f129f0,0x00000000a4a80000)
 Metaspace       used 41662K, capacity 42564K, committed 42840K, reserved 1089536K
  class space    used 5658K, capacity 5890K, committed 6016K, reserved 1048576K
Event: 21.321 GC heap after
Heap after GC invocations=12 (full 3):
 PSYoungGen      total 141312K, used 0K [0x00000000e0000000, 0x00000000ec700000, 0x0000000100000000)
  eden space 130048K, 0% used [0x00000000e0000000,0x00000000e0000000,0x00000000e7f00000)
  from space 11264K, 0% used [0x00000000e7f00000,0x00000000e7f00000,0x00000000e8a00000)
  to   space 13824K, 0% used [0x00000000eb980000,0x00000000eb980000,0x00000000ec700000)
 ParOldGen       total 76288K, used 22470K [0x00000000a0000000, 0x00000000a4a80000, 0x00000000e0000000)
  object space 76288K, 29% used [0x00000000a0000000,0x00000000a15f1b50,0x00000000a4a80000)
 Metaspace       used 41662K, capacity 42564K, committed 42840K, reserved 1087488K
  class space    used 5658K, capacity 5890K, committed 6016K, reserved 1048576K
}

