# JRE version: OpenJDK Runtime Environment (8.0_202-b03) (build 1.8.0_202-release-1483-b03)
# Java VM: OpenJDK 64-Bit Server VM (25.202-b03 mixed mode windows-amd64 compressed oops)
Heap:
 PSYoungGen      total 117760K, used 68176K [0x00000000e0000000, 0x00000000eaa00000, 0x0000000100000000)
  eden space 106496K, 64% used [0x00000000e0000000,0x00000000e4294190,0x00000000e6800000)
  from space 11264K, 0% used [0x00000000e6800000,0x00000000e6800000,0x00000000e7300000)
  to   space 12288K, 0% used [0x00000000e9e00000,0x00000000e9e00000,0x00000000eaa00000)
 ParOldGen       total 90624K, used 17353K [0x00000000a0000000, 0x00000000a5880000, 0x00000000e0000000)
  object space 90624K, 19% used [0x00000000a0000000,0x00000000a10f24c8,0x00000000a5880000)
 Metaspace       used 41748K, capacity 42960K, committed 43136K, reserved 1087488K
  class space    used 5661K, capacity 5923K, committed 6016K, reserved 1048576K
GC Heap History (10 events):
Event: 6.576 GC heap before
{Heap before GC invocations=7 (full 1):
 PSYoungGen      total 76288K, used 7401K [0x00000000e0000000, 0x00000000e5500000, 0x0000000100000000)
  eden space 66560K, 0% used [0x00000000e0000000,0x00000000e0000000,0x00000000e4100000)
  from space 9728K, 76% used [0x00000000e4b80000,0x00000000e52ba410,0x00000000e5500000)
  to   space 10240K, 0% used [0x00000000e4100000,0x00000000e4100000,0x00000000e4b00000)
 ParOldGen       total 87552K, used 8706K [0x00000000a0000000, 0x00000000a5580000, 0x00000000e0000000)
  object space 87552K, 9% used [0x00000000a0000000,0x00000000a0880948,0x00000000a5580000)
 Metaspace       used 20692K, capacity 21180K, committed 21296K, reserved 1067008K
  class space    used 2962K, capacity 3129K, committed 3200K, reserved 1048576K
Event: 6.650 GC heap after
Heap after GC invocations=7 (full 1):
 PSYoungGen      total 76288K, used 0K [0x00000000e0000000, 0x00000000e5500000, 0x0000000100000000)
  eden space 66560K, 0% used [0x00000000e0000000,0x00000000e0000000,0x00000000e4100000)
  from space 9728K, 0% used [0x00000000e4b80000,0x00000000e4b80000,0x00000000e5500000)
  to   space 10240K, 0% used [0x00000000e4100000,0x00000000e4100000,0x00000000e4b00000)
 ParOldGen       total 59392K, used 8715K [0x00000000a0000000, 0x00000000a3a00000, 0x00000000e0000000)
  object space 59392K, 14% used [0x00000000a0000000,0x00000000a0882fc8,0x00000000a3a00000)
 Metaspace       used 20692K, capacity 21180K, committed 21296K, reserved 1067008K
  class space    used 2962K, capacity 3129K, committed 3200K, reserved 1048576K
}
Event: 8.401 GC heap before
{Heap before GC invocations=8 (full 1):
 PSYoungGen      total 76288K, used 66560K [0x00000000e0000000, 0x00000000e5500000, 0x0000000100000000)
  eden space 66560K, 100% used [0x00000000e0000000,0x00000000e4100000,0x00000000e4100000)
  from space 9728K, 0% used [0x00000000e4b80000,0x00000000e4b80000,0x00000000e5500000)
  to   space 10240K, 0% used [0x00000000e4100000,0x00000000e4100000,0x00000000e4b00000)
 ParOldGen       total 59392K, used 8715K [0x00000000a0000000, 0x00000000a3a00000, 0x00000000e0000000)
  object space 59392K, 14% used [0x00000000a0000000,0x00000000a0882fc8,0x00000000a3a00000)
 Metaspace       used 28446K, capacity 29028K, committed 29312K, reserved 1075200K
  class space    used 3910K, capacity 4099K, committed 4224K, reserved 1048576K
Event: 8.425 GC heap after
Heap after GC invocations=8 (full 1):
 PSYoungGen      total 76800K, used 7619K [0x00000000e0000000, 0x00000000e7d00000, 0x0000000100000000)
  eden space 66560K, 0% used [0x00000000e0000000,0x00000000e0000000,0x00000000e4100000)
  from space 10240K, 74% used [0x00000000e4100000,0x00000000e4870dc8,0x00000000e4b00000)
  to   space 10240K, 0% used [0x00000000e7300000,0x00000000e7300000,0x00000000e7d00000)
 ParOldGen       total 59392K, used 8723K [0x00000000a0000000, 0x00000000a3a00000, 0x00000000e0000000)
  object space 59392K, 14% used [0x00000000a0000000,0x00000000a0884fc8,0x00000000a3a00000)
 Metaspace       used 28446K, capacity 29028K, committed 29312K, reserved 1075200K
  class space    used 3910K, capacity 4099K, committed 4224K, reserved 1048576K
}
Event: 10.583 GC heap before
{Heap before GC invocations=9 (full 1):
 PSYoungGen      total 76800K, used 74112K [0x00000000e0000000, 0x00000000e7d00000, 0x0000000100000000)
  eden space 66560K, 99% used [0x00000000e0000000,0x00000000e40ef450,0x00000000e4100000)
  from space 10240K, 74% used [0x00000000e4100000,0x00000000e4870dc8,0x00000000e4b00000)
  to   space 10240K, 0% used [0x00000000e7300000,0x00000000e7300000,0x00000000e7d00000)
 ParOldGen       total 59392K, used 8723K [0x00000000a0000000, 0x00000000a3a00000, 0x00000000e0000000)
  object space 59392K, 14% used [0x00000000a0000000,0x00000000a0884fc8,0x00000000a3a00000)
 Metaspace       used 31990K, capacity 32836K, committed 33152K, reserved 1077248K
  class space    used 4462K, capacity 4669K, committed 4736K, reserved 1048576K
Event: 10.616 GC heap after
Heap after GC invocations=9 (full 1):
 PSYoungGen      total 116736K, used 9704K [0x00000000e0000000, 0x00000000e7e80000, 0x0000000100000000)
  eden space 106496K, 0% used [0x00000000e0000000,0x00000000e0000000,0x00000000e6800000)
  from space 10240K, 94% used [0x00000000e7300000,0x00000000e7c7a080,0x00000000e7d00000)
  to   space 11264K, 0% used [0x00000000e6800000,0x00000000e6800000,0x00000000e7300000)
 ParOldGen       total 59392K, used 8731K [0x00000000a0000000, 0x00000000a3a00000, 0x00000000e0000000)
  object space 59392K, 14% used [0x00000000a0000000,0x00000000a0886fc8,0x00000000a3a00000)
 Metaspace       used 31990K, capacity 32836K, committed 33152K, reserved 1077248K
  class space    used 4462K, capacity 4669K, committed 4736K, reserved 1048576K
}
Event: 11.742 GC heap before
{Heap before GC invocations=10 (full 1):
 PSYoungGen      total 116736K, used 53574K [0x00000000e0000000, 0x00000000e7e80000, 0x0000000100000000)
  eden space 106496K, 41% used [0x00000000e0000000,0x00000000e2ad77f8,0x00000000e6800000)
  from space 10240K, 94% used [0x00000000e7300000,0x00000000e7c7a080,0x00000000e7d00000)
  to   space 11264K, 0% used [0x00000000e6800000,0x00000000e6800000,0x00000000e7300000)
 ParOldGen       total 59392K, used 8731K [0x00000000a0000000, 0x00000000a3a00000, 0x00000000e0000000)
  object space 59392K, 14% used [0x00000000a0000000,0x00000000a0886fc8,0x00000000a3a00000)
 Metaspace       used 34507K, capacity 35414K, committed 35456K, reserved 1079296K
  class space    used 4751K, capacity 4959K, committed 4992K, reserved 1048576K
Event: 11.785 GC heap after
Heap after GC invocations=10 (full 1):
 PSYoungGen      total 117760K, used 10281K [0x00000000e0000000, 0x00000000eaa00000, 0x0000000100000000)
  eden space 106496K, 0% used [0x00000000e0000000,0x00000000e0000000,0x00000000e6800000)
  from space 11264K, 91% used [0x00000000e6800000,0x00000000e720a430,0x00000000e7300000)
  to   space 12288K, 0% used [0x00000000e9e00000,0x00000000e9e00000,0x00000000eaa00000)
 ParOldGen       total 59392K, used 8739K [0x00000000a0000000, 0x00000000a3a00000, 0x00000000e0000000)
  object space 59392K, 14% used [0x00000000a0000000,0x00000000a0888fc8,0x00000000a3a00000)
 Metaspace       used 34507K, capacity 35414K, committed 35456K, reserved 1079296K
  class space    used 4751K, capacity 4959K, committed 4992K, reserved 1048576K
}
Event: 11.785 GC heap before
{Heap before GC invocations=11 (full 2):
 PSYoungGen      total 117760K, used 10281K [0x00000000e0000000, 0x00000000eaa00000, 0x0000000100000000)
  eden space 106496K, 0% used [0x00000000e0000000,0x00000000e0000000,0x00000000e6800000)
  from space 11264K, 91% used [0x00000000e6800000,0x00000000e720a430,0x00000000e7300000)
  to   space 12288K, 0% used [0x00000000e9e00000,0x00000000e9e00000,0x00000000eaa00000)
 ParOldGen       total 59392K, used 8739K [0x00000000a0000000, 0x00000000a3a00000, 0x00000000e0000000)
  object space 59392K, 14% used [0x00000000a0000000,0x00000000a0888fc8,0x00000000a3a00000)
 Metaspace       used 34507K, capacity 35414K, committed 35456K, reserved 1079296K
  class space    used 4751K, capacity 4959K, committed 4992K, reserved 1048576K
Event: 11.962 GC heap after
Heap after GC invocations=11 (full 2):
 PSYoungGen      total 117760K, used 0K [0x00000000e0000000, 0x00000000eaa00000, 0x0000000100000000)
  eden space 106496K, 0% used [0x00000000e0000000,0x00000000e0000000,0x00000000e6800000)
  from space 11264K, 0% used [0x00000000e6800000,0x00000000e6800000,0x00000000e7300000)
  to   space 12288K, 0% used [0x00000000e9e00000,0x00000000e9e00000,0x00000000eaa00000)
 ParOldGen       total 90624K, used 17353K [0x00000000a0000000, 0x00000000a5880000, 0x00000000e0000000)
  object space 90624K, 19% used [0x00000000a0000000,0x00000000a10f24c8,0x00000000a5880000)
 Metaspace       used 34507K, capacity 35414K, committed 35456K, reserved 1079296K
  class space    used 4751K, capacity 4959K, committed 4992K, reserved 1048576K
}

