# JRE version: OpenJDK Runtime Environment (8.0_202-b03) (build 1.8.0_202-release-1483-b03)
# Java VM: OpenJDK 64-Bit Server VM (25.202-b03 mixed mode windows-amd64 compressed oops)
Heap:
 PSYoungGen      total 122880K, used 79075K [0x00000000e0000000, 0x00000000e8580000, 0x0000000100000000)
  eden space 112128K, 61% used [0x00000000e0000000,0x00000000e43da8b0,0x00000000e6d80000)
  from space 10752K, 89% used [0x00000000e7b00000,0x00000000e845e708,0x00000000e8580000)
  to   space 12288K, 0% used [0x00000000e6d80000,0x00000000e6d80000,0x00000000e7980000)
 ParOldGen       total 83456K, used 25147K [0x00000000a0000000, 0x00000000a5180000, 0x00000000e0000000)
  object space 83456K, 30% used [0x00000000a0000000,0x00000000a188ed80,0x00000000a5180000)
 Metaspace       used 56043K, capacity 57522K, committed 57688K, reserved 1099776K
  class space    used 7601K, capacity 7954K, committed 8064K, reserved 1048576K
GC Heap History (10 events):
Event: 22.954 GC heap before
{Heap before GC invocations=10 (full 1):
 PSYoungGen      total 68096K, used 64695K [0x00000000e0000000, 0x00000000e4c80000, 0x0000000100000000)
  eden space 58880K, 100% used [0x00000000e0000000,0x00000000e3980000,0x00000000e3980000)
  from space 9216K, 63% used [0x00000000e4380000,0x00000000e492dfb0,0x00000000e4c80000)
  to   space 9728K, 0% used [0x00000000e3980000,0x00000000e3980000,0x00000000e4300000)
 ParOldGen       total 53760K, used 7693K [0x00000000a0000000, 0x00000000a3480000, 0x00000000e0000000)
  object space 53760K, 14% used [0x00000000a0000000,0x00000000a0783470,0x00000000a3480000)
 Metaspace       used 31690K, capacity 32216K, committed 32512K, reserved 1077248K
  class space    used 4364K, capacity 4535K, committed 4608K, reserved 1048576K
Event: 22.976 GC heap after
Heap after GC invocations=10 (full 1):
 PSYoungGen      total 68608K, used 8152K [0x00000000e0000000, 0x00000000e6880000, 0x0000000100000000)
  eden space 58880K, 0% used [0x00000000e0000000,0x00000000e0000000,0x00000000e3980000)
  from space 9728K, 83% used [0x00000000e3980000,0x00000000e4176040,0x00000000e4300000)
  to   space 10240K, 0% used [0x00000000e5e80000,0x00000000e5e80000,0x00000000e6880000)
 ParOldGen       total 53760K, used 7701K [0x00000000a0000000, 0x00000000a3480000, 0x00000000e0000000)
  object space 53760K, 14% used [0x00000000a0000000,0x00000000a0785470,0x00000000a3480000)
 Metaspace       used 31690K, capacity 32216K, committed 32512K, reserved 1077248K
  class space    used 4364K, capacity 4535K, committed 4608K, reserved 1048576K
}
Event: 25.028 GC heap before
{Heap before GC invocations=11 (full 1):
 PSYoungGen      total 68608K, used 64007K [0x00000000e0000000, 0x00000000e6880000, 0x0000000100000000)
  eden space 58880K, 94% used [0x00000000e0000000,0x00000000e368bd10,0x00000000e3980000)
  from space 9728K, 83% used [0x00000000e3980000,0x00000000e4176040,0x00000000e4300000)
  to   space 10240K, 0% used [0x00000000e5e80000,0x00000000e5e80000,0x00000000e6880000)
 ParOldGen       total 53760K, used 7701K [0x00000000a0000000, 0x00000000a3480000, 0x00000000e0000000)
  object space 53760K, 14% used [0x00000000a0000000,0x00000000a0785470,0x00000000a3480000)
 Metaspace       used 34580K, capacity 35198K, committed 35416K, reserved 1079296K
  class space    used 4756K, capacity 4940K, committed 4992K, reserved 1048576K
Event: 25.055 GC heap after
Heap after GC invocations=11 (full 1):
 PSYoungGen      total 96768K, used 7768K [0x00000000e0000000, 0x00000000e6880000, 0x0000000100000000)
  eden space 86528K, 0% used [0x00000000e0000000,0x00000000e0000000,0x00000000e5480000)
  from space 10240K, 75% used [0x00000000e5e80000,0x00000000e6616240,0x00000000e6880000)
  to   space 10240K, 0% used [0x00000000e5480000,0x00000000e5480000,0x00000000e5e80000)
 ParOldGen       total 53760K, used 11041K [0x00000000a0000000, 0x00000000a3480000, 0x00000000e0000000)
  object space 53760K, 20% used [0x00000000a0000000,0x00000000a0ac8490,0x00000000a3480000)
 Metaspace       used 34580K, capacity 35198K, committed 35416K, reserved 1079296K
  class space    used 4756K, capacity 4940K, committed 4992K, reserved 1048576K
}
Event: 25.055 GC heap before
{Heap before GC invocations=12 (full 2):
 PSYoungGen      total 96768K, used 7768K [0x00000000e0000000, 0x00000000e6880000, 0x0000000100000000)
  eden space 86528K, 0% used [0x00000000e0000000,0x00000000e0000000,0x00000000e5480000)
  from space 10240K, 75% used [0x00000000e5e80000,0x00000000e6616240,0x00000000e6880000)
  to   space 10240K, 0% used [0x00000000e5480000,0x00000000e5480000,0x00000000e5e80000)
 ParOldGen       total 53760K, used 11041K [0x00000000a0000000, 0x00000000a3480000, 0x00000000e0000000)
  object space 53760K, 20% used [0x00000000a0000000,0x00000000a0ac8490,0x00000000a3480000)
 Metaspace       used 34580K, capacity 35198K, committed 35416K, reserved 1079296K
  class space    used 4756K, capacity 4940K, committed 4992K, reserved 1048576K
Event: 25.189 GC heap after
Heap after GC invocations=12 (full 2):
 PSYoungGen      total 96768K, used 0K [0x00000000e0000000, 0x00000000e6880000, 0x0000000100000000)
  eden space 86528K, 0% used [0x00000000e0000000,0x00000000e0000000,0x00000000e5480000)
  from space 10240K, 0% used [0x00000000e5e80000,0x00000000e5e80000,0x00000000e6880000)
  to   space 10240K, 0% used [0x00000000e5480000,0x00000000e5480000,0x00000000e5e80000)
 ParOldGen       total 83456K, used 17720K [0x00000000a0000000, 0x00000000a5180000, 0x00000000e0000000)
  object space 83456K, 21% used [0x00000000a0000000,0x00000000a114e2b0,0x00000000a5180000)
 Metaspace       used 34574K, capacity 35180K, committed 35416K, reserved 1079296K
  class space    used 4754K, capacity 4937K, committed 4992K, reserved 1048576K
}
Event: 28.087 GC heap before
{Heap before GC invocations=13 (full 2):
 PSYoungGen      total 96768K, used 86528K [0x00000000e0000000, 0x00000000e6880000, 0x0000000100000000)
  eden space 86528K, 100% used [0x00000000e0000000,0x00000000e5480000,0x00000000e5480000)
  from space 10240K, 0% used [0x00000000e5e80000,0x00000000e5e80000,0x00000000e6880000)
  to   space 10240K, 0% used [0x00000000e5480000,0x00000000e5480000,0x00000000e5e80000)
 ParOldGen       total 83456K, used 17720K [0x00000000a0000000, 0x00000000a5180000, 0x00000000e0000000)
  object space 83456K, 21% used [0x00000000a0000000,0x00000000a114e2b0,0x00000000a5180000)
 Metaspace       used 44183K, capacity 44998K, committed 45400K, reserved 1089536K
  class space    used 5971K, capacity 6183K, committed 6272K, reserved 1048576K
Event: 28.112 GC heap after
Heap after GC invocations=13 (full 2):
 PSYoungGen      total 96768K, used 10233K [0x00000000e0000000, 0x00000000e8700000, 0x0000000100000000)
  eden space 86528K, 0% used [0x00000000e0000000,0x00000000e0000000,0x00000000e5480000)
  from space 10240K, 99% used [0x00000000e5480000,0x00000000e5e7e740,0x00000000e5e80000)
  to   space 12288K, 0% used [0x00000000e7b00000,0x00000000e7b00000,0x00000000e8700000)
 ParOldGen       total 83456K, used 19891K [0x00000000a0000000, 0x00000000a5180000, 0x00000000e0000000)
  object space 83456K, 23% used [0x00000000a0000000,0x00000000a136cd68,0x00000000a5180000)
 Metaspace       used 44183K, capacity 44998K, committed 45400K, reserved 1089536K
  class space    used 5971K, capacity 6183K, committed 6272K, reserved 1048576K
}
Event: 32.105 GC heap before
{Heap before GC invocations=14 (full 2):
 PSYoungGen      total 96768K, used 96761K [0x00000000e0000000, 0x00000000e8700000, 0x0000000100000000)
  eden space 86528K, 100% used [0x00000000e0000000,0x00000000e5480000,0x00000000e5480000)
  from space 10240K, 99% used [0x00000000e5480000,0x00000000e5e7e740,0x00000000e5e80000)
  to   space 12288K, 0% used [0x00000000e7b00000,0x00000000e7b00000,0x00000000e8700000)
 ParOldGen       total 83456K, used 19891K [0x00000000a0000000, 0x00000000a5180000, 0x00000000e0000000)
  object space 83456K, 23% used [0x00000000a0000000,0x00000000a136cd68,0x00000000a5180000)
 Metaspace       used 50187K, capacity 51376K, committed 51672K, reserved 1093632K
  class space    used 6776K, capacity 7063K, committed 7168K, reserved 1048576K
Event: 32.133 GC heap after
Heap after GC invocations=14 (full 2):
 PSYoungGen      total 122880K, used 9593K [0x00000000e0000000, 0x00000000e8580000, 0x0000000100000000)
  eden space 112128K, 0% used [0x00000000e0000000,0x00000000e0000000,0x00000000e6d80000)
  from space 10752K, 89% used [0x00000000e7b00000,0x00000000e845e708,0x00000000e8580000)
  to   space 12288K, 0% used [0x00000000e6d80000,0x00000000e6d80000,0x00000000e7980000)
 ParOldGen       total 83456K, used 25147K [0x00000000a0000000, 0x00000000a5180000, 0x00000000e0000000)
  object space 83456K, 30% used [0x00000000a0000000,0x00000000a188ed80,0x00000000a5180000)
 Metaspace       used 50187K, capacity 51376K, committed 51672K, reserved 1093632K
  class space    used 6776K, capacity 7063K, committed 7168K, reserved 1048576K
}

