# JRE version: OpenJDK Runtime Environment (8.0_202-b03) (build 1.8.0_202-release-1483-b03)
# Java VM: OpenJDK 64-Bit Server VM (25.202-b03 mixed mode windows-amd64 compressed oops)
Heap:
 PSYoungGen      total 369152K, used 325315K [0x00000000e0000000, 0x00000000faa80000, 0x0000000100000000)
  eden space 321024K, 96% used [0x00000000e0000000,0x00000000f2e09900,0x00000000f3980000)
  from space 48128K, 33% used [0x00000000f3980000,0x00000000f4927310,0x00000000f6880000)
  to   space 46080K, 0% used [0x00000000f7d80000,0x00000000f7d80000,0x00000000faa80000)
 ParOldGen       total 208896K, used 54548K [0x00000000a0000000, 0x00000000acc00000, 0x00000000e0000000)
  object space 208896K, 26% used [0x00000000a0000000,0x00000000a3545220,0x00000000acc00000)
 Metaspace       used 92951K, capacity 96947K, committed 97112K, reserved 1134592K
  class space    used 11826K, capacity 12629K, committed 12672K, reserved 1048576K
GC Heap History (10 events):
Event: 61.934 GC heap before
{Heap before GC invocations=21 (full 4):
 PSYoungGen      total 301568K, used 261120K [0x00000000e0000000, 0x00000000f5680000, 0x0000000100000000)
  eden space 261120K, 100% used [0x00000000e0000000,0x00000000eff00000,0x00000000eff00000)
  from space 40448K, 0% used [0x00000000f2a80000,0x00000000f2a80000,0x00000000f5200000)
  to   space 44544K, 0% used [0x00000000eff00000,0x00000000eff00000,0x00000000f2a80000)
 ParOldGen       total 208896K, used 54500K [0x00000000a0000000, 0x00000000acc00000, 0x00000000e0000000)
  object space 208896K, 26% used [0x00000000a0000000,0x00000000a3539220,0x00000000acc00000)
 Metaspace       used 84435K, capacity 87787K, committed 87896K, reserved 1126400K
  class space    used 11190K, capacity 11867K, committed 11904K, reserved 1048576K
Event: 61.960 GC heap after
Heap after GC invocations=21 (full 4):
 PSYoungGen      total 305664K, used 11847K [0x00000000e0000000, 0x00000000f7980000, 0x0000000100000000)
  eden space 261120K, 0% used [0x00000000e0000000,0x00000000e0000000,0x00000000eff00000)
  from space 44544K, 26% used [0x00000000eff00000,0x00000000f0a91ff8,0x00000000f2a80000)
  to   space 43008K, 0% used [0x00000000f4f80000,0x00000000f4f80000,0x00000000f7980000)
 ParOldGen       total 208896K, used 54516K [0x00000000a0000000, 0x00000000acc00000, 0x00000000e0000000)
  object space 208896K, 26% used [0x00000000a0000000,0x00000000a353d220,0x00000000acc00000)
 Metaspace       used 84435K, capacity 87787K, committed 87896K, reserved 1126400K
  class space    used 11190K, capacity 11867K, committed 11904K, reserved 1048576K
}
Event: 116.650 GC heap before
{Heap before GC invocations=22 (full 4):
 PSYoungGen      total 305664K, used 272967K [0x00000000e0000000, 0x00000000f7980000, 0x0000000100000000)
  eden space 261120K, 100% used [0x00000000e0000000,0x00000000eff00000,0x00000000eff00000)
  from space 44544K, 26% used [0x00000000eff00000,0x00000000f0a91ff8,0x00000000f2a80000)
  to   space 43008K, 0% used [0x00000000f4f80000,0x00000000f4f80000,0x00000000f7980000)
 ParOldGen       total 208896K, used 54516K [0x00000000a0000000, 0x00000000acc00000, 0x00000000e0000000)
  object space 208896K, 26% used [0x00000000a0000000,0x00000000a353d220,0x00000000acc00000)
 Metaspace       used 88555K, capacity 91967K, committed 92120K, reserved 1128448K
  class space    used 11460K, capacity 12179K, committed 12288K, reserved 1048576K
Event: 116.759 GC heap after
Heap after GC invocations=22 (full 4):
 PSYoungGen      total 327168K, used 18642K [0x00000000e0000000, 0x00000000f6f80000, 0x0000000100000000)
  eden space 294400K, 0% used [0x00000000e0000000,0x00000000e0000000,0x00000000f1f80000)
  from space 32768K, 56% used [0x00000000f4f80000,0x00000000f61b4bf0,0x00000000f6f80000)
  to   space 40960K, 0% used [0x00000000f1f80000,0x00000000f1f80000,0x00000000f4780000)
 ParOldGen       total 208896K, used 54524K [0x00000000a0000000, 0x00000000acc00000, 0x00000000e0000000)
  object space 208896K, 26% used [0x00000000a0000000,0x00000000a353f220,0x00000000acc00000)
 Metaspace       used 88555K, capacity 91967K, committed 92120K, reserved 1128448K
  class space    used 11460K, capacity 12179K, committed 12288K, reserved 1048576K
}
Event: 138.936 GC heap before
{Heap before GC invocations=23 (full 4):
 PSYoungGen      total 327168K, used 313042K [0x00000000e0000000, 0x00000000f6f80000, 0x0000000100000000)
  eden space 294400K, 100% used [0x00000000e0000000,0x00000000f1f80000,0x00000000f1f80000)
  from space 32768K, 56% used [0x00000000f4f80000,0x00000000f61b4bf0,0x00000000f6f80000)
  to   space 40960K, 0% used [0x00000000f1f80000,0x00000000f1f80000,0x00000000f4780000)
 ParOldGen       total 208896K, used 54524K [0x00000000a0000000, 0x00000000acc00000, 0x00000000e0000000)
  object space 208896K, 26% used [0x00000000a0000000,0x00000000a353f220,0x00000000acc00000)
 Metaspace       used 90068K, capacity 93669K, committed 93784K, reserved 1130496K
  class space    used 11573K, capacity 12310K, committed 12416K, reserved 1048576K
Event: 139.025 GC heap after
Heap after GC invocations=23 (full 4):
 PSYoungGen      total 335360K, used 34757K [0x00000000e0000000, 0x00000000f9780000, 0x0000000100000000)
  eden space 294400K, 0% used [0x00000000e0000000,0x00000000e0000000,0x00000000f1f80000)
  from space 40960K, 84% used [0x00000000f1f80000,0x00000000f41714a0,0x00000000f4780000)
  to   space 45056K, 0% used [0x00000000f6b80000,0x00000000f6b80000,0x00000000f9780000)
 ParOldGen       total 208896K, used 54532K [0x00000000a0000000, 0x00000000acc00000, 0x00000000e0000000)
  object space 208896K, 26% used [0x00000000a0000000,0x00000000a3541220,0x00000000acc00000)
 Metaspace       used 90068K, capacity 93669K, committed 93784K, reserved 1130496K
  class space    used 11573K, capacity 12310K, committed 12416K, reserved 1048576K
}
Event: 228.319 GC heap before
{Heap before GC invocations=24 (full 4):
 PSYoungGen      total 335360K, used 329157K [0x00000000e0000000, 0x00000000f9780000, 0x0000000100000000)
  eden space 294400K, 100% used [0x00000000e0000000,0x00000000f1f80000,0x00000000f1f80000)
  from space 40960K, 84% used [0x00000000f1f80000,0x00000000f41714a0,0x00000000f4780000)
  to   space 45056K, 0% used [0x00000000f6b80000,0x00000000f6b80000,0x00000000f9780000)
 ParOldGen       total 208896K, used 54532K [0x00000000a0000000, 0x00000000acc00000, 0x00000000e0000000)
  object space 208896K, 26% used [0x00000000a0000000,0x00000000a3541220,0x00000000acc00000)
 Metaspace       used 91333K, capacity 95073K, committed 95192K, reserved 1132544K
  class space    used 11692K, capacity 12458K, committed 12544K, reserved 1048576K
Event: 228.390 GC heap after
Heap after GC invocations=24 (full 4):
 PSYoungGen      total 366080K, used 34053K [0x00000000e0000000, 0x00000000f9780000, 0x0000000100000000)
  eden space 321024K, 0% used [0x00000000e0000000,0x00000000e0000000,0x00000000f3980000)
  from space 45056K, 75% used [0x00000000f6b80000,0x00000000f8cc1748,0x00000000f9780000)
  to   space 48128K, 0% used [0x00000000f3980000,0x00000000f3980000,0x00000000f6880000)
 ParOldGen       total 208896K, used 54540K [0x00000000a0000000, 0x00000000acc00000, 0x00000000e0000000)
  object space 208896K, 26% used [0x00000000a0000000,0x00000000a3543220,0x00000000acc00000)
 Metaspace       used 91333K, capacity 95073K, committed 95192K, reserved 1132544K
  class space    used 11692K, capacity 12458K, committed 12544K, reserved 1048576K
}
Event: 641.053 GC heap before
{Heap before GC invocations=25 (full 4):
 PSYoungGen      total 366080K, used 355077K [0x00000000e0000000, 0x00000000f9780000, 0x0000000100000000)
  eden space 321024K, 100% used [0x00000000e0000000,0x00000000f3980000,0x00000000f3980000)
  from space 45056K, 75% used [0x00000000f6b80000,0x00000000f8cc1748,0x00000000f9780000)
  to   space 48128K, 0% used [0x00000000f3980000,0x00000000f3980000,0x00000000f6880000)
 ParOldGen       total 208896K, used 54540K [0x00000000a0000000, 0x00000000acc00000, 0x00000000e0000000)
  object space 208896K, 26% used [0x00000000a0000000,0x00000000a3543220,0x00000000acc00000)
 Metaspace       used 91922K, capacity 95809K, committed 95960K, reserved 1132544K
  class space    used 11729K, capacity 12524K, committed 12544K, reserved 1048576K
Event: 641.095 GC heap after
Heap after GC invocations=25 (full 4):
 PSYoungGen      total 369152K, used 16028K [0x00000000e0000000, 0x00000000faa80000, 0x0000000100000000)
  eden space 321024K, 0% used [0x00000000e0000000,0x00000000e0000000,0x00000000f3980000)
  from space 48128K, 33% used [0x00000000f3980000,0x00000000f4927310,0x00000000f6880000)
  to   space 46080K, 0% used [0x00000000f7d80000,0x00000000f7d80000,0x00000000faa80000)
 ParOldGen       total 208896K, used 54548K [0x00000000a0000000, 0x00000000acc00000, 0x00000000e0000000)
  object space 208896K, 26% used [0x00000000a0000000,0x00000000a3545220,0x00000000acc00000)
 Metaspace       used 91922K, capacity 95809K, committed 95960K, reserved 1132544K
  class space    used 11729K, capacity 12524K, committed 12544K, reserved 1048576K
}

